<?xml version="1.0" encoding="UTF-8"?>
<!-- Generated by org.testng.reporters.JUnitXMLReporter -->
<testsuite ignored="0" hostname="MGTECHLPT311" failures="1" tests="1" name="iOS native app test on iOS 13" time="4.752" errors="0" timestamp="2024-02-23T15:09:28 IST">
  <testcase classname="io.cucumber.testng.AbstractTestNGCucumberTests" name="runScenario" time="3.936">
    <failure type="org.openqa.selenium.SessionNotCreatedException" message="Could not start a new session. Response code 500. Message: An unknown server-side error occurred while processing the command. Original error: Could not find path to Xcode by symlinks located in /var/db/xcode_select_link, or /usr/share/xcode-select/xcode_dir_link 
Host info: host: &amp;apos;MGTECHLPT311&amp;apos;, ip: &amp;apos;172.22.23.153&amp;apos;
Build info: version: &amp;apos;4.17.0&amp;apos;, revision: &amp;apos;e52b1be057*&amp;apos;
System info: os.name: &amp;apos;Windows 10&amp;apos;, os.arch: &amp;apos;amd64&amp;apos;, os.version: &amp;apos;10.0&amp;apos;, java.version: &amp;apos;11.0.18&amp;apos;
Driver info: io.appium.java_client.AppiumDriver
Command: [null, newSession {desiredCapabilities=Capabilities {AUTOMATION_NAME: uiAutomator2, DEVICE_NAME: iPhone 13, NO_RESET: true, ORIENTATION: PORTRAIT, UDID: KT74VPYJ91, adbExecTimeout: 60000, app: ./Mobile_Apps/CureBay Medic..., appActivity: com.curebay.medicare.MainAc..., appPackage: com.curebay.medicare, platformName: IOS, resetKeyboard: true, unicodeKeyboard: true}, capabilities=[{appium:AUTOMATION_NAME=uiAutomator2, appium:DEVICE_NAME=iPhone 13, appium:NO_RESET=true, appium:ORIENTATION=PORTRAIT, appium:UDID=KT74VPYJ91, appium:adbExecTimeout=60000, appium:app=./Mobile_Apps/CureBay Medicare V1.12.apk, appium:appActivity=com.curebay.medicare.MainActivity, appium:appPackage=com.curebay.medicare, platformName=IOS, appium:resetKeyboard=true, appium:unicodeKeyboard=true}]}]
Capabilities {AUTOMATION_NAME: uiAutomator2, DEVICE_NAME: iPhone 13, NO_RESET: true, ORIENTATION: PORTRAIT, UDID: KT74VPYJ91, adbExecTimeout: 60000, app: ./Mobile_Apps/CureBay Medic..., appActivity: com.curebay.medicare.MainAc..., appPackage: com.curebay.medicare, platformName: IOS, resetKeyboard: true, unicodeKeyboard: true}">
      <![CDATA[org.openqa.selenium.SessionNotCreatedException: Could not start a new session. Response code 500. Message: An unknown server-side error occurred while processing the command. Original error: Could not find path to Xcode by symlinks located in /var/db/xcode_select_link, or /usr/share/xcode-select/xcode_dir_link 
Host info: host: 'MGTECHLPT311', ip: '172.22.23.153'
Build info: version: '4.17.0', revision: 'e52b1be057*'
System info: os.name: 'Windows 10', os.arch: 'amd64', os.version: '10.0', java.version: '11.0.18'
Driver info: io.appium.java_client.AppiumDriver
Command: [null, newSession {desiredCapabilities=Capabilities {AUTOMATION_NAME: uiAutomator2, DEVICE_NAME: iPhone 13, NO_RESET: true, ORIENTATION: PORTRAIT, UDID: KT74VPYJ91, adbExecTimeout: 60000, app: ./Mobile_Apps/CureBay Medic..., appActivity: com.curebay.medicare.MainAc..., appPackage: com.curebay.medicare, platformName: IOS, resetKeyboard: true, unicodeKeyboard: true}, capabilities=[{appium:AUTOMATION_NAME=uiAutomator2, appium:DEVICE_NAME=iPhone 13, appium:NO_RESET=true, appium:ORIENTATION=PORTRAIT, appium:UDID=KT74VPYJ91, appium:adbExecTimeout=60000, appium:app=./Mobile_Apps/CureBay Medicare V1.12.apk, appium:appActivity=com.curebay.medicare.MainActivity, appium:appPackage=com.curebay.medicare, platformName=IOS, appium:resetKeyboard=true, appium:unicodeKeyboard=true}]}]
Capabilities {AUTOMATION_NAME: uiAutomator2, DEVICE_NAME: iPhone 13, NO_RESET: true, ORIENTATION: PORTRAIT, UDID: KT74VPYJ91, adbExecTimeout: 60000, app: ./Mobile_Apps/CureBay Medic..., appActivity: com.curebay.medicare.MainAc..., appPackage: com.curebay.medicare, platformName: IOS, resetKeyboard: true, unicodeKeyboard: true}
at org.openqa.selenium.remote.ProtocolHandshake.createSession(ProtocolHandshake.java:139)
at io.appium.java_client.remote.AppiumProtocolHandshake.createSession(AppiumProtocolHandshake.java:133)
at io.appium.java_client.remote.AppiumProtocolHandshake.createSession(AppiumProtocolHandshake.java:102)
at io.appium.java_client.remote.AppiumCommandExecutor.createSession(AppiumCommandExecutor.java:176)
at io.appium.java_client.remote.AppiumCommandExecutor.execute(AppiumCommandExecutor.java:237)
at org.openqa.selenium.remote.RemoteWebDriver.execute(RemoteWebDriver.java:519)
at io.appium.java_client.AppiumDriver.startSession(AppiumDriver.java:268)
at org.openqa.selenium.remote.RemoteWebDriver.<init>(RemoteWebDriver.java:162)
at io.appium.java_client.AppiumDriver.<init>(AppiumDriver.java:90)
at io.appium.java_client.AppiumDriver.<init>(AppiumDriver.java:102)
at Common_Utilities.Driver_Factory.setMobileDrivers(Driver_Factory.java:67)
at Application_Hooks.ApplocationHooks.launchApplication(ApplocationHooks.java:33)
... Removed 4 stack frames]]>
    </failure>
  </testcase> <!-- runScenario -->
</testsuite> <!-- iOS native app test on iOS 13 -->
